<?xml version="1.0" encoding="UTF-8"?>
<testng-results skipped="0" failed="2" total="2" passed="0">
  <reporter-output>
  </reporter-output>
  <suite name="Default suite" duration-ms="1096" started-at="2019-04-26T10:37:44Z" finished-at="2019-04-26T10:37:45Z">
    <groups>
    </groups>
    <test name="Default test" duration-ms="1096" started-at="2019-04-26T10:37:44Z" finished-at="2019-04-26T10:37:45Z">
      <class name="com.domoyun.testCase.MainStart">
        <test-method status="PASS" signature="BeforeSuite()[pri:0, instance:com.domoyun.testCase.MainStart@445b84c0]" name="BeforeSuite" is-config="true" duration-ms="1124" started-at="2019-04-26T18:37:43Z" finished-at="2019-04-26T18:37:44Z">
          <reporter-output>
          </reporter-output>
        </test-method> <!-- BeforeSuite -->
        <test-method status="FAIL" signature="getCountry(java.lang.String, java.lang.String, java.lang.String, java.lang.String, java.lang.String, java.lang.String, java.lang.String, int, java.lang.String)[pri:0, instance:com.domoyun.testCase.MainStart@445b84c0]" name="getCountry" duration-ms="861" started-at="2019-04-26T18:37:44Z" data-provider="getCountry" finished-at="2019-04-26T18:37:45Z">
          <params>
            <param index="0">
              <value>
                <![CDATA[1]]>
              </value>
            </param>
            <param index="1">
              <value>
                <![CDATA[1]]>
              </value>
            </param>
            <param index="2">
              <value>
                <![CDATA[{"Version":"0.0.0.3","Data":{"OrderID":"TestFedex6069QW","ParcelInformation":{"Weight":"70","WeightUnit":1,"Length":"30","Width":"20","Height":"10","SizeUnit":1,"ExistDangeroursGoods":false,"ProductInformations":[{"Description":"phonecase","Quantity":1,"Weight":"1.000","WeightUnit":4,"Value":"0.0","Sku":"","Remark":"","ProductUrl":"","HSCode":"testcode"}]},"RecipientAddress":{"FirstName":"Shelley","LastName":"Bond","Company":null,"StreetAddress":"3817HarrisonStreet","StreetAddress2":"Address2","StreetAddress3":null,"City":"SanFrancisco","State":"CA","ZIPCode":"94122","Country":"US","PhoneNumber":"+1.4155669802","IsResidential":true},"ChannelName":"FEDEX","Token":"99999999999999999999999999999999","ServiceTypeCode":"FEDEX_GROUND","WarehouseCode":"CA","LabelMarkText":null,"RedundancyField":{"SignatureOption":""}}}]]>
              </value>
            </param>
            <param index="3">
              <value>
                <![CDATA[T5093-EKD1808071096]]>
              </value>
            </param>
            <param index="4">
              <value>
                <![CDATA[]]>
              </value>
            </param>
            <param index="5">
              <value>
                <![CDATA[]]>
              </value>
            </param>
            <param index="6">
              <value>
                <![CDATA[getCountry]]>
              </value>
            </param>
            <param index="7">
              <value>
                <![CDATA[2]]>
              </value>
            </param>
            <param index="8">
              <value>
                <![CDATA[牙套妹奈何美色]]>
              </value>
            </param>
          </params>
          <exception class="java.lang.AssertionError">
            <message>
              <![CDATA[expected [true] but found [false]]]>
            </message>
            <full-stacktrace>
              <![CDATA[java.lang.AssertionError: expected [true] but found [false]
	at org.testng.Assert.fail(Assert.java:94)
	at org.testng.Assert.failNotEquals(Assert.java:494)
	at org.testng.Assert.assertTrue(Assert.java:42)
	at org.testng.Assert.assertTrue(Assert.java:52)
	at com.domoyun.testCase.MainStart.getCountry(MainStart.java:60)
	at sun.reflect.NativeMethodAccessorImpl.invoke0(Native Method)
	at sun.reflect.NativeMethodAccessorImpl.invoke(Unknown Source)
	at sun.reflect.DelegatingMethodAccessorImpl.invoke(Unknown Source)
	at java.lang.reflect.Method.invoke(Unknown Source)
	at org.testng.internal.MethodInvocationHelper.invokeMethod(MethodInvocationHelper.java:84)
	at org.testng.internal.Invoker.invokeMethod(Invoker.java:714)
	at org.testng.internal.Invoker.invokeTestMethod(Invoker.java:901)
	at org.testng.internal.Invoker.invokeTestMethods(Invoker.java:1231)
	at org.testng.internal.TestMethodWorker.invokeTestMethods(TestMethodWorker.java:127)
	at org.testng.internal.TestMethodWorker.run(TestMethodWorker.java:111)
	at org.testng.TestRunner.privateRun(TestRunner.java:767)
	at org.testng.TestRunner.run(TestRunner.java:617)
	at org.testng.SuiteRunner.runTest(SuiteRunner.java:348)
	at org.testng.SuiteRunner.runSequentially(SuiteRunner.java:343)
	at org.testng.SuiteRunner.privateRun(SuiteRunner.java:305)
	at org.testng.SuiteRunner.run(SuiteRunner.java:254)
	at org.testng.SuiteRunnerWorker.runSuite(SuiteRunnerWorker.java:52)
	at org.testng.SuiteRunnerWorker.run(SuiteRunnerWorker.java:86)
	at org.testng.TestNG.runSuitesSequentially(TestNG.java:1224)
	at org.testng.TestNG.runSuitesLocally(TestNG.java:1149)
	at org.testng.TestNG.run(TestNG.java:1057)
	at org.testng.remote.RemoteTestNG.run(RemoteTestNG.java:111)
	at org.testng.remote.RemoteTestNG.initAndRun(RemoteTestNG.java:204)
	at org.testng.remote.RemoteTestNG.main(RemoteTestNG.java:175)
]]>
            </full-stacktrace>
          </exception> <!-- java.lang.AssertionError -->
          <reporter-output>
          </reporter-output>
        </test-method> <!-- getCountry -->
        <test-method status="FAIL" signature="getCountry(java.lang.String, java.lang.String, java.lang.String, java.lang.String, java.lang.String, java.lang.String, java.lang.String, int, java.lang.String)[pri:0, instance:com.domoyun.testCase.MainStart@445b84c0]" name="getCountry" duration-ms="93" started-at="2019-04-26T18:37:45Z" data-provider="getCountry" finished-at="2019-04-26T18:37:45Z">
          <params>
            <param index="0">
              <value>
                <![CDATA[1]]>
              </value>
            </param>
            <param index="1">
              <value>
                <![CDATA[1]]>
              </value>
            </param>
            <param index="2">
              <value>
                <![CDATA[{"Version":"0.0.0.3","Data":{"OrderID":"TestFedex6069QW","ParcelInformation":{"Weight":"70","WeightUnit":1,"Length":"30","Width":"20","Height":"10","SizeUnit":1,"ExistDangeroursGoods":false,"ProductInformations":[{"Description":"phonecase","Quantity":1,"Weight":"1.000","WeightUnit":4,"Value":"0.0","Sku":"","Remark":"","ProductUrl":"","HSCode":"testcode"}]},"RecipientAddress":{"FirstName":"Shelley","LastName":"Bond","Company":null,"StreetAddress":"3817HarrisonStreet","StreetAddress2":"Address2","StreetAddress3":null,"City":"SanFrancisco","State":"CA","ZIPCode":"94122","Country":"US","PhoneNumber":"+1.4155669802","IsResidential":true},"ChannelName":"FEDEX","Token":"99999999999999999999999999999999","ServiceTypeCode":"FEDEX_GROUND","WarehouseCode":"CA","LabelMarkText":null,"RedundancyField":{"SignatureOption":""}}}]]>
              </value>
            </param>
            <param index="3">
              <value>
                <![CDATA[T5093-EKD1808071096]]>
              </value>
            </param>
            <param index="4">
              <value>
                <![CDATA[]]>
              </value>
            </param>
            <param index="5">
              <value>
                <![CDATA[]]>
              </value>
            </param>
            <param index="6">
              <value>
                <![CDATA[getCountry]]>
              </value>
            </param>
            <param index="7">
              <value>
                <![CDATA[2]]>
              </value>
            </param>
            <param index="8">
              <value>
                <![CDATA[hello妹]]>
              </value>
            </param>
          </params>
          <exception class="java.lang.AssertionError">
            <message>
              <![CDATA[expected [true] but found [false]]]>
            </message>
            <full-stacktrace>
              <![CDATA[java.lang.AssertionError: expected [true] but found [false]
	at org.testng.Assert.fail(Assert.java:94)
	at org.testng.Assert.failNotEquals(Assert.java:494)
	at org.testng.Assert.assertTrue(Assert.java:42)
	at org.testng.Assert.assertTrue(Assert.java:52)
	at com.domoyun.testCase.MainStart.getCountry(MainStart.java:60)
	at sun.reflect.NativeMethodAccessorImpl.invoke0(Native Method)
	at sun.reflect.NativeMethodAccessorImpl.invoke(Unknown Source)
	at sun.reflect.DelegatingMethodAccessorImpl.invoke(Unknown Source)
	at java.lang.reflect.Method.invoke(Unknown Source)
	at org.testng.internal.MethodInvocationHelper.invokeMethod(MethodInvocationHelper.java:84)
	at org.testng.internal.Invoker.invokeMethod(Invoker.java:714)
	at org.testng.internal.Invoker.invokeTestMethod(Invoker.java:901)
	at org.testng.internal.Invoker.invokeTestMethods(Invoker.java:1231)
	at org.testng.internal.TestMethodWorker.invokeTestMethods(TestMethodWorker.java:127)
	at org.testng.internal.TestMethodWorker.run(TestMethodWorker.java:111)
	at org.testng.TestRunner.privateRun(TestRunner.java:767)
	at org.testng.TestRunner.run(TestRunner.java:617)
	at org.testng.SuiteRunner.runTest(SuiteRunner.java:348)
	at org.testng.SuiteRunner.runSequentially(SuiteRunner.java:343)
	at org.testng.SuiteRunner.privateRun(SuiteRunner.java:305)
	at org.testng.SuiteRunner.run(SuiteRunner.java:254)
	at org.testng.SuiteRunnerWorker.runSuite(SuiteRunnerWorker.java:52)
	at org.testng.SuiteRunnerWorker.run(SuiteRunnerWorker.java:86)
	at org.testng.TestNG.runSuitesSequentially(TestNG.java:1224)
	at org.testng.TestNG.runSuitesLocally(TestNG.java:1149)
	at org.testng.TestNG.run(TestNG.java:1057)
	at org.testng.remote.RemoteTestNG.run(RemoteTestNG.java:111)
	at org.testng.remote.RemoteTestNG.initAndRun(RemoteTestNG.java:204)
	at org.testng.remote.RemoteTestNG.main(RemoteTestNG.java:175)
]]>
            </full-stacktrace>
          </exception> <!-- java.lang.AssertionError -->
          <reporter-output>
          </reporter-output>
        </test-method> <!-- getCountry -->
        <test-method status="PASS" signature="afterSuite()[pri:0, instance:com.domoyun.testCase.MainStart@445b84c0]" name="afterSuite" is-config="true" duration-ms="494" started-at="2019-04-26T18:37:45Z" finished-at="2019-04-26T18:37:46Z">
          <reporter-output>
          </reporter-output>
        </test-method> <!-- afterSuite -->
      </class> <!-- com.domoyun.testCase.MainStart -->
    </test> <!-- Default test -->
  </suite> <!-- Default suite -->
</testng-results>
